\BOOKMARK [1][-]{section*.1}{\376\377\000A\000b\000s\000t\000r\000a\000c\000t}{}% 1
\BOOKMARK [1][-]{section.1}{\376\377\0001\000\040\000I\000n\000t\000r\000o\000d\000u\000c\000t\000i\000o\000n}{}% 2
\BOOKMARK [1][-]{section.2}{\376\377\0002\000\040\000B\000a\000c\000k\000g\000r\000o\000u\000n\000d}{}% 3
\BOOKMARK [2][-]{subsection.2.1}{\376\377\0002\000.\0001\000\040\000R\000e\000l\000a\000t\000e\000d\000\040\000W\000o\000r\000k}{section.2}% 4
\BOOKMARK [2][-]{subsection.2.2}{\376\377\0002\000.\0002\000\040\000T\000o\000o\000l\000s\000\040\000a\000n\000d\000\040\000T\000e\000c\000h\000n\000o\000l\000o\000g\000i\000e\000s}{section.2}% 5
\BOOKMARK [2][-]{subsection.2.3}{\376\377\0002\000.\0003\000\040\000S\000u\000m\000m\000a\000r\000y}{section.2}% 6
\BOOKMARK [1][-]{section.3}{\376\377\0003\000\040\000S\000p\000e\000c\000i\000f\000i\000c\000a\000t\000i\000o\000n}{}% 7
\BOOKMARK [2][-]{subsection.3.1}{\376\377\0003\000.\0001\000\040\000D\000e\000v\000e\000l\000o\000p\000m\000e\000n\000t\000\040\000M\000e\000t\000h\000o\000d\000o\000l\000o\000g\000y}{section.3}% 8
\BOOKMARK [2][-]{subsection.3.2}{\376\377\0003\000.\0002\000\040\000R\000e\000q\000u\000i\000r\000e\000m\000e\000n\000t\000s\000\040\000G\000a\000t\000h\000e\000r\000i\000n\000g}{section.3}% 9
\BOOKMARK [2][-]{subsection.3.3}{\376\377\0003\000.\0003\000\040\000P\000r\000o\000j\000e\000c\000t\000\040\000M\000a\000n\000a\000g\000e\000m\000e\000n\000t\000\040\000T\000o\000o\000l\000s}{section.3}% 10
\BOOKMARK [2][-]{subsection.3.4}{\376\377\0003\000.\0004\000\040\000S\000c\000h\000e\000d\000u\000l\000i\000n\000g}{section.3}% 11
\BOOKMARK [2][-]{subsection.3.5}{\376\377\0003\000.\0005\000\040\000D\000e\000v\000e\000l\000o\000p\000m\000e\000n\000t\000\040\000F\000l\000o\000w}{section.3}% 12
\BOOKMARK [1][-]{section.4}{\376\377\0004\000\040\000D\000e\000s\000i\000g\000n}{}% 13
\BOOKMARK [2][-]{subsection.4.1}{\376\377\0004\000.\0001\000\040\000T\000e\000c\000h\000n\000o\000l\000o\000g\000y\000\040\000S\000t\000a\000c\000k}{section.4}% 14
\BOOKMARK [2][-]{subsection.4.2}{\376\377\0004\000.\0002\000\040\000T\000o\000o\000l\000i\000n\000g}{section.4}% 15
\BOOKMARK [2][-]{subsection.4.3}{\376\377\0004\000.\0003\000\040\000P\000r\000o\000t\000o\000t\000y\000p\000i\000n\000g}{section.4}% 16
\BOOKMARK [2][-]{subsection.4.4}{\376\377\0004\000.\0004\000\040\000T\000e\000s\000t\000i\000n\000g\000\040\000M\000e\000t\000h\000o\000d\000o\000l\000o\000g\000y}{section.4}% 17
\BOOKMARK [2][-]{subsection.4.5}{\376\377\0004\000.\0005\000\040\000U\000X\000\040\000D\000e\000s\000i\000g\000n}{section.4}% 18
\BOOKMARK [2][-]{subsection.4.6}{\376\377\0004\000.\0006\000\040\000S\000u\000m\000m\000a\000r\000y}{section.4}% 19
\BOOKMARK [1][-]{section.5}{\376\377\0005\000\040\000I\000m\000p\000l\000e\000m\000e\000n\000t\000a\000t\000i\000o\000n}{}% 20
\BOOKMARK [2][-]{subsection.5.1}{\376\377\0005\000.\0001\000\040\000S\000p\000r\000i\000n\000t\000\040\0001\000\040\000-\000\040\000S\000t\000a\000r\000t\000\040\0002\0006\000t\000h\000\040\000D\000e\000c\000e\000m\000b\000e\000r}{section.5}% 21
\BOOKMARK [2][-]{subsection.5.2}{\376\377\0005\000.\0002\000\040\000S\000p\000r\000i\000n\000t\000\040\0002\000\040\000-\000\040\000S\000t\000a\000r\000t\000\040\0004\000t\000h\000\040\000J\000a\000n\000u\000a\000r\000y}{section.5}% 22
\BOOKMARK [2][-]{subsection.5.3}{\376\377\0005\000.\0003\000\040\000S\000p\000r\000i\000n\000t\000\040\0003\000\040\000-\000\040\000S\000t\000a\000r\000t\000\040\0002\0009\000t\000h\000\040\000J\000a\000n\000u\000a\000r\000y}{section.5}% 23
\BOOKMARK [2][-]{subsection.5.4}{\376\377\0005\000.\0004\000\040\000P\000l\000a\000n}{section.5}% 24
\BOOKMARK [2][-]{subsection.5.5}{\376\377\0005\000.\0005\000\040\000S\000p\000r\000i\000n\000t\000\040\0004\000\040\000-\000\040\000S\000t\000a\000r\000t\000\040\000F\000e\000b\000r\000u\000a\000r\000y\000\040\0001\0000\000t\000h}{section.5}% 25
\BOOKMARK [2][-]{subsection.5.6}{\376\377\0005\000.\0006\000\040\000S\000p\000r\000i\000n\000t\000\040\0005\000\040\000-\000\040\000S\000t\000a\000r\000t\000\040\000F\000e\000b\000r\000u\000a\000r\000y\000\040\0001\0009\000t\000h}{section.5}% 26
\BOOKMARK [2][-]{subsection.5.7}{\376\377\0005\000.\0007\000\040\000S\000p\000r\000i\000n\000t\000\040\0006\000\040\000-\000\040\000S\000t\000a\000r\000t\000\040\000M\000a\000r\000c\000h\000\040\0000\0005}{section.5}% 27
\BOOKMARK [2][-]{subsection.5.8}{\376\377\0005\000.\0008\000\040\000S\000p\000r\000i\000n\000t\000\040\0007\000\040\000-\000\040\000S\000t\000a\000r\000t\000\040\000M\000a\000r\000c\000h\000\040\0001\0002}{section.5}% 28
\BOOKMARK [2][-]{subsection.5.9}{\376\377\0005\000.\0009\000\040\000S\000p\000r\000i\000n\000t\000\040\0008\000\040\000-\000\040\000S\000t\000a\000r\000t\000\040\000M\000a\000r\000c\000h\000\040\0001\0009}{section.5}% 29
\BOOKMARK [1][-]{section.6}{\376\377\0006\000\040\000E\000v\000a\000l\000u\000a\000t\000i\000o\000n}{}% 30
\BOOKMARK [2][-]{subsection.6.1}{\376\377\0006\000.\0001\000\040\000D\000e\000v\000e\000l\000o\000p\000m\000e\000n\000t\000\040\000T\000e\000s\000t\000i\000n\000g\000\040\000P\000r\000o\000c\000e\000s\000s}{section.6}% 31
\BOOKMARK [2][-]{subsection.6.2}{\376\377\0006\000.\0002\000\040\000U\000s\000e\000r\000\040\000T\000e\000s\000t\000i\000n\000g}{section.6}% 32
\BOOKMARK [2][-]{subsection.6.3}{\376\377\0006\000.\0003\000\040\000F\000u\000r\000t\000h\000e\000r\000\040\000I\000m\000p\000r\000o\000v\000e\000m\000e\000n\000t\000s\000\040\000F\000e\000a\000t\000u\000r\000e\000\040\000S\000e\000t}{section.6}% 33
\BOOKMARK [1][-]{section.7}{\376\377\0007\000\040\000F\000i\000n\000a\000l\000\040\000P\000r\000o\000d\000u\000c\000t}{}% 34
\BOOKMARK [1][-]{section.8}{\376\377\0008\000\040\000C\000o\000n\000c\000l\000u\000s\000i\000o\000n\000s}{}% 35
\BOOKMARK [2][-]{subsection.8.1}{\376\377\0008\000.\0001\000\040\000A\000p\000p\000r\000a\000i\000s\000a\000l}{section.8}% 36
\BOOKMARK [2][-]{subsection.8.2}{\376\377\0008\000.\0002\000\040\000F\000u\000t\000u\000r\000e\000\040\000W\000o\000r\000k}{section.8}% 37
\BOOKMARK [2][-]{subsection.8.3}{\376\377\0008\000.\0003\000\040\000P\000e\000r\000s\000o\000n\000a\000l\000\040\000D\000e\000v\000e\000l\000o\000p\000m\000e\000n\000t\000\040\000A\000p\000p\000r\000a\000i\000s\000a\000l}{section.8}% 38
\BOOKMARK [2][-]{subsection.8.4}{\376\377\0008\000.\0004\000\040\000S\000u\000m\000m\000a\000r\000y}{section.8}% 39
\BOOKMARK [1][-]{section.9}{\376\377\0009\000\040\000A\000p\000p\000e\000n\000d\000i\000c\000e\000s}{}% 40
\BOOKMARK [1][-]{section*.75}{\376\377\000R\000e\000f\000e\000r\000e\000n\000c\000e\000s}{}% 41
